pred_coord: [248 271 338]
pred_coord: [280 248 353]
pred_coord: [274 262 334]
pred_coord: [256 215 311]
pred_coord: [265 267 356]
pred_coord: [213 257 317]
pred_coord: [267 259 277]
pred_coord: [293 273 299]
pred_coord: [227 276 321]
pred_coord: [290 242 287]
pred_coord: [294 230 293]
pred_coord: [327 233 270]
pred_coord: [194 252 271]
pred_coord: [244 250 259]
pred_coord: [278 218 322]
pred_coord: [302 284 332]
pred_coord: [243 280 278]
pred_coord: [260 262 267]
pred_coord: [296 274 348]
pred_coord: [297 266 314]
pred_coord: [248 273 321]
pred_coord: [240 262 362]
pred_coord: [276 242 272]
pred_coord: [298 228 291]
pred_coord: [323 289 356]
pred_coord: [308 305 293]
pred_coord: [313 225 310]
pred_coord: [310 242 322]
pred_coord: [292 199 342]
pred_coord: [296 234 344]
pred_coord: [242 241 301]
pred_coord: [307 228 270]
pred_coord: [313 310 341]
pred_coord: [301 264 313]
pred_coord: [264 259 319]
pred_coord: [255 276 312]
pred_coord: [284 254 338]
pred_coord: [266 223 349]
pred_coord: [248 249 395]
pred_coord: [214 218 369]
pred_coord: [285 244 265]
pred_coord: [257 247 308]
pred_coord: [283 252 288]
pred_coord: [306 282 336]
pred_coord: [282 227 346]
pred_coord: [276 247 296]
pred_coord: [328 272 345]
pred_coord: [287 284 308]
pred_coord: [282 271 300]
pred_coord: [201 243 310]
pred_coord: [270 240 295]
pred_coord: [271 238 300]
pred_coord: [203 250 339]
pred_coord: [269 261 338]
pred_coord: [309 254 244]
pred_coord: [183 229 288]
pred_coord: [279 214 299]
pred_coord: [289 250 337]
pred_coord: [245 250 238]
pred_coord: [225 237 274]
pred_coord: [174 227 298]
pred_coord: [295 215 253]
pred_coord: [333 219 285]
pred_coord: [285 226 262]
pred_coord: [298 262 264]
pred_coord: [253 229 319]
pred_coord: [246 279 301]
pred_coord: [228 204 305]
pred_coord: [197 211 339]
pred_coord: [284 220 329]
pred_coord: [271 241 376]
pred_coord: [281 243 301]
pred_coord: [314 243 232]
pred_coord: [246 290 330]
pred_coord: [239 298 352]
pred_coord: [249 311 320]
pred_coord: [253 215 343]
pred_coord: [261 302 364]
pred_coord: [243 276 313]
pred_coord: [192 252 327]
pred_coord: [242 183 336]
pred_coord: [288 173 291]
pred_coord: [275 236 300]
pred_coord: [297 230 255]
pred_coord: [248 193 292]
pred_coord: [319 256 296]
pred_coord: [308 209 267]
pred_coord: [307 271 301]
pred_coord: [264 225 364]
pred_coord: [213 232 334]
pred_coord: [299 265 293]
pred_coord: [301 312 309]
pred_coord: [298 240 290]
pred_coord: [310 230 282]
pred_coord: [214 228 301]
pred_coord: [213 238 331]
pred_coord: [286 241 322]
pred_coord: [288 256 317]
pred_coord: [279 257 305]
pred_coord: [258 236 359]
pred_coord: [248 237 344]
pred_coord: [251 269 364]
pred_coord: [341 221 300]
pred_coord: [323 223 311]
pred_coord: [302 323 388]
pred_coord: [257 258 351]
pred_coord: [293 258 354]
pred_coord: [233 165 278]
pred_coord: [282 242 370]
pred_coord: [301 319 395]
pred_coord: [318 263 338]
pred_coord: [289 270 328]
pred_coord: [238 230 321]
pred_coord: [264 295 341]
pred_coord: [312 265 322]
pred_coord: [242 280 336]
pred_coord: [273 305 286]
pred_coord: [273 268 323]
pred_coord: [298 293 365]
pred_coord: [228 287 374]
pred_coord: [284 214 292]
pred_coord: [288 264 277]
pred_coord: [226 304 312]
pred_coord: [239 291 326]
pred_coord: [253 250 334]
pred_coord: [270 273 368]
pred_coord: [299 285 317]
pred_coord: [242 197 322]
pred_coord: [280 270 339]
pred_coord: [299 311 349]
pred_coord: [260 223 279]
pred_coord: [286 229 301]
pred_coord: [278 185 291]
pred_coord: [304 240 339]
pred_coord: [216 209 303]
pred_coord: [267 209 284]
pred_coord: [293 257 334]
pred_coord: [290 269 330]
pred_coord: [256 242 336]
pred_coord: [293 276 326]
pred_coord: [283 238 304]
pred_coord: [280 282 309]
pred_coord: [307 305 282]
pred_coord: [309 244 273]
pred_coord: [296 245 270]
pred_coord: [263 192 274]
pred_coord: [271 298 307]
pred_coord: [216 203 258]
pred_coord: [327 215 254]
pred_coord: [284 248 269]
pred_coord: [260 250 315]
pred_coord: [218 247 334]
pred_coord: [271 248 265]
pred_coord: [266 268 273]
pred_coord: [306 258 291]
pred_coord: [288 265 324]
pred_coord: [298 274 293]
pred_coord: [319 272 267]
pred_coord: [277 261 334]
pred_coord: [153 262 320]
pred_coord: [277 267 297]
pred_coord: [282 246 272]
pred_coord: [245 246 323]
pred_coord: [272 268 320]
pred_coord: [275 274 354]
pred_coord: [250 270 308]
pred_coord: [319 241 299]
pred_coord: [308 258 316]
pred_coord: [279 220 259]
pred_coord: [323 241 263]
pred_coord: [254 250 319]
pred_coord: [277 209 259]
pred_coord: [318 205 268]
pred_coord: [300 258 310]
pred_coord: [306 281 385]
pred_coord: [214 228 341]
pred_coord: [298 216 258]
pred_coord: [257 218 313]
pred_coord: [286 228 325]
pred_coord: [254 254 341]
pred_coord: [277 212 284]
pred_coord: [222 295 342]
pred_coord: [292 291 261]
pred_coord: [303 253 259]
pred_coord: [215 215 253]
pred_coord: [242 232 285]
pred_coord: [291 248 252]
pred_coord: [307 285 250]
pred_coord: [280 244 317]
pred_coord: [278 241 332]
pred_coord: [204 298 286]
pred_coord: [269 281 279]
pred_coord: [320 302 300]
pred_coord: [260 313 332]
pred_coord: [325 266 325]
pred_coord: [302 255 288]
pred_coord: [335 271 275]
pred_coord: [250 242 252]
pred_coord: [250 228 328]
pred_coord: [250 255 354]
pred_coord: [303 256 366]
pred_coord: [262 268 309]
pred_coord: [272 219 301]
pred_coord: [267 254 254]
pred_coord: [269 250 291]
pred_coord: [282 239 289]
pred_coord: [251 235 301]
pred_coord: [307 258 271]
pred_coord: [254 231 353]
pred_coord: [310 228 277]
pred_coord: [223 257 323]
pred_coord: [280 243 286]
pred_coord: [283 234 307]
pred_coord: [230 241 308]
pred_coord: [295 276 308]
pred_coord: [293 261 287]
pred_coord: [319 276 393]
pred_coord: [319 253 302]
pred_coord: [331 259 338]
pred_coord: [270 254 325]
pred_coord: [276 221 290]
pred_coord: [318 238 330]
pred_coord: [319 186 283]
pred_coord: [297 271 316]
pred_coord: [345 206 257]
pred_coord: [276 205 264]
pred_coord: [282 247 310]
pred_coord: [270 239 278]
pred_coord: [274 208 252]
pred_coord: [249 223 326]
pred_coord: [269 255 331]
pred_coord: [234 210 325]
pred_coord: [304 290 293]
pred_coord: [296 258 292]
pred_coord: [258 232 322]
pred_coord: [310 229 311]
pred_coord: [249 206 350]
pred_coord: [191 222 313]
pred_coord: [219 256 334]
pred_coord: [182 278 299]
pred_coord: [260 252 338]
pred_coord: [307 263 261]
pred_coord: [324 305 302]
pred_coord: [285 282 307]
pred_coord: [283 238 304]
pred_coord: [256 240 302]